<?xml version="1.0" encoding="UTF-8"?>
<testsuite xmlns:xsi="http://www.w3.org/2001/XMLSchema-instance" xsi:noNamespaceSchemaLocation="https://maven.apache.org/surefire/maven-surefire-plugin/xsd/surefire-test-report-3.0.xsd" version="3.0" name="cucumber.Options.TestRunner" time="18.642" tests="3" errors="0" skipped="0" failures="0">
  <properties>
[...]
</properties>
  <testcase name="Verify CreateBooking Api if user is able to succeefully place booking using create booking api." classname="Validating Create Booking API" time="7.413">
    <system-out><![CDATA[
@CreateBooking
Scenario: Verify CreateBooking Api if user is able to succeefully place booking using create booking api. # src/test/java/features/RestfulBookerApp.feature:16
4255
  Given Add CreateBooking Payload with "TestFirst1" "TestLast1"                                           # stepDefinations.StepDefination.add_palce_payload(java.lang.String,java.lang.String)
HTTP/1.1 200 OK
Server: Cowboy
Report-To: {"group":"heroku-nel","max_age":3600,"endpoints":[{"url":"https://nel.heroku.com/reports?ts=1698302422&sid=c46efe9b-d3d2-4a0c-8c76-bfafa16c5add&s=kPqFzvtZxIsJkaDQ6bUeRpWCiR7Rye8KyAYp%2Bo%2FcDBc%3D"}]}
Reporting-Endpoints: heroku-nel=https://nel.heroku.com/reports?ts=1698302422&sid=c46efe9b-d3d2-4a0c-8c76-bfafa16c5add&s=kPqFzvtZxIsJkaDQ6bUeRpWCiR7Rye8KyAYp%2Bo%2FcDBc%3D
Nel: {"report_to":"heroku-nel","max_age":3600,"success_fraction":0.005,"failure_fraction":0.05,"response_headers":["Via"]}
Connection: keep-alive
X-Powered-By: Express
Content-Type: application/json; charset=utf-8
Content-Length: 202
Etag: W/"ca-eb8dHzTkkGYU4wWSxcaCSiAGA4E"
Date: Thu, 26 Oct 2023 06:40:22 GMT
Via: 1.1 vegur

{
    "bookingid": 4270,
    "booking": {
        "firstname": "TestFirst1",
        "lastname": "TestLast1",
        "totalprice": 1000,
        "depositpaid": true,
        "bookingdates": {
            "checkin": "2018-01-01",
            "checkout": "2019-01-01"
        },
        "additionalneeds": null
    }
}
  When user calls "CreateBookingAPI" with "Post" http request                                             # stepDefinations.StepDefination.user_calls_with_post_http_request(java.lang.String,java.lang.String)
  Then the api calls got success with status code 200                                                     # stepDefinations.StepDefination.the_api_calls_got_success_with_status_code(java.lang.Integer)
  And "firstname" is response body should be "TestFirst1" for "Create" http request                       # stepDefinations.StepDefination.is_response_body_should_be(java.lang.String,java.lang.String,java.lang.String)
  And "lastname" is response body should be "TestLast1" for "Create" http request                         # stepDefinations.StepDefination.is_response_body_should_be(java.lang.String,java.lang.String,java.lang.String)
]]></system-out>
  </testcase>
  <testcase name="Verify GetBooking Api if user is able to succeessfully get booking using create booking api." classname="Validating Create Booking API" time="4.463">
    <system-out><![CDATA[
@GetBooking
Scenario: Verify GetBooking Api if user is able to succeessfully get booking using create booking api. # src/test/java/features/RestfulBookerApp.feature:27
4302
  Given Add CreateBooking Payload with "TestFirst1" "TestLast1"                                        # stepDefinations.StepDefination.add_palce_payload(java.lang.String,java.lang.String)
HTTP/1.1 200 OK
Server: Cowboy
Report-To: {"group":"heroku-nel","max_age":3600,"endpoints":[{"url":"https://nel.heroku.com/reports?ts=1698302426&sid=c46efe9b-d3d2-4a0c-8c76-bfafa16c5add&s=MchKL8GHBJLd3gvcLTmDneXlRG5E2YIcQU6JENV0E0s%3D"}]}
Reporting-Endpoints: heroku-nel=https://nel.heroku.com/reports?ts=1698302426&sid=c46efe9b-d3d2-4a0c-8c76-bfafa16c5add&s=MchKL8GHBJLd3gvcLTmDneXlRG5E2YIcQU6JENV0E0s%3D
Nel: {"report_to":"heroku-nel","max_age":3600,"success_fraction":0.005,"failure_fraction":0.05,"response_headers":["Via"]}
Connection: keep-alive
X-Powered-By: Express
Content-Type: application/json; charset=utf-8
Content-Length: 202
Etag: W/"ca-7ryKWSX+c5b7NXOjNF56HLUs2qM"
Date: Thu, 26 Oct 2023 06:40:26 GMT
Via: 1.1 vegur

{
    "bookingid": 4316,
    "booking": {
        "firstname": "TestFirst1",
        "lastname": "TestLast1",
        "totalprice": 1000,
        "depositpaid": true,
        "bookingdates": {
            "checkin": "2018-01-01",
            "checkout": "2019-01-01"
        },
        "additionalneeds": null
    }
}
  When user calls "CreateBookingAPI" with "Post" http request                                          # stepDefinations.StepDefination.user_calls_with_post_http_request(java.lang.String,java.lang.String)
BookingID Is: 4302
HTTP/1.1 200 OK
Server: Cowboy
Report-To: {"group":"heroku-nel","max_age":3600,"endpoints":[{"url":"https://nel.heroku.com/reports?ts=1698302428&sid=c46efe9b-d3d2-4a0c-8c76-bfafa16c5add&s=cK00zzc7BD6%2BcwvBDm3ZXLDNe8nQoK5BU8Eo5lSOTc8%3D"}]}
Reporting-Endpoints: heroku-nel=https://nel.heroku.com/reports?ts=1698302428&sid=c46efe9b-d3d2-4a0c-8c76-bfafa16c5add&s=cK00zzc7BD6%2BcwvBDm3ZXLDNe8nQoK5BU8Eo5lSOTc8%3D
Nel: {"report_to":"heroku-nel","max_age":3600,"success_fraction":0.005,"failure_fraction":0.05,"response_headers":["Via"]}
Connection: keep-alive
X-Powered-By: Express
Content-Type: application/json; charset=utf-8
Content-Length: 173
Etag: W/"ad-j/bNgm02k+ja81920D5qtdZe2VI"
Date: Thu, 26 Oct 2023 06:40:28 GMT
Via: 1.1 vegur

{
    "firstname": "TestFirst1",
    "lastname": "TestLast1",
    "totalprice": 1000,
    "depositpaid": true,
    "bookingdates": {
        "checkin": "2018-01-01",
        "checkout": "2019-01-01"
    },
    "additionalneeds": null
}
  When user calls "GetBookingAPI" with "Get" http request                                              # stepDefinations.StepDefination.user_calls_with_post_http_request(java.lang.String,java.lang.String)
  Then the api calls got success with status code 200                                                  # stepDefinations.StepDefination.the_api_calls_got_success_with_status_code(java.lang.Integer)
  And "firstname" is response body should be "TestFirst1" for "Get" http request                       # stepDefinations.StepDefination.is_response_body_should_be(java.lang.String,java.lang.String,java.lang.String)
  And "lastname" is response body should be "TestLast1" for "Get" http request                         # stepDefinations.StepDefination.is_response_body_should_be(java.lang.String,java.lang.String,java.lang.String)
]]></system-out>
  </testcase>
  <testcase name="Verify DeleteBooking Api if user is able to succeefully Delete booking using create booking api." classname="Validating Create Booking API" time="5.795">
    <system-out><![CDATA[
@DeleteBooking
Scenario: Verify DeleteBooking Api if user is able to succeefully Delete booking using create booking api. # src/test/java/features/RestfulBookerApp.feature:30
4348
  Given Add CreateBooking Payload with "TestFirst1" "TestLast1"                                            # stepDefinations.StepDefination.add_palce_payload(java.lang.String,java.lang.String)
HTTP/1.1 200 OK
Server: Cowboy
Report-To: {"group":"heroku-nel","max_age":3600,"endpoints":[{"url":"https://nel.heroku.com/reports?ts=1698302431&sid=c46efe9b-d3d2-4a0c-8c76-bfafa16c5add&s=9Y1PejHHAEKhwU8uKFR6TTe7pVIms1ZcJtcy9Td3RZc%3D"}]}
Reporting-Endpoints: heroku-nel=https://nel.heroku.com/reports?ts=1698302431&sid=c46efe9b-d3d2-4a0c-8c76-bfafa16c5add&s=9Y1PejHHAEKhwU8uKFR6TTe7pVIms1ZcJtcy9Td3RZc%3D
Nel: {"report_to":"heroku-nel","max_age":3600,"success_fraction":0.005,"failure_fraction":0.05,"response_headers":["Via"]}
Connection: keep-alive
X-Powered-By: Express
Content-Type: application/json; charset=utf-8
Content-Length: 202
Etag: W/"ca-6ZcFJ1SdxuCxHrq9ACzw+8DSro0"
Date: Thu, 26 Oct 2023 06:40:31 GMT
Via: 1.1 vegur

{
    "bookingid": 4362,
    "booking": {
        "firstname": "TestFirst1",
        "lastname": "TestLast1",
        "totalprice": 1000,
        "depositpaid": true,
        "bookingdates": {
            "checkin": "2018-01-01",
            "checkout": "2019-01-01"
        },
        "additionalneeds": null
    }
}
  When user calls "CreateBookingAPI" with "Post" http request                                              # stepDefinations.StepDefination.user_calls_with_post_http_request(java.lang.String,java.lang.String)
Request method:	POST
Request URI:	https://restful-booker.herokuapp.com/auth
Proxy:			<none>
Request params:	<none>
Query params:	<none>
Form params:	<none>
Path params:	<none>
Headers:		Accept=*/*
				Content-Type=application/json
Cookies:		<none>
Multiparts:		<none>
Body:
{
    "username": "admin",
    "password": "password123"
}
HTTP/1.1 200 OK
Server: Cowboy
Connection: keep-alive
X-Powered-By: Express
Content-Type: application/json; charset=utf-8
Content-Length: 27
Etag: W/"1b-Yxh8LKrxJpVFqsR7CmrRYumLkPo"
Date: Thu, 26 Oct 2023 06:40:32 GMT
Via: 1.1 vegur

{
    "token": "a6e2eb70ff94886"
}
a6e2eb70ff94886before
token=a6e2eb70ff94886
  Given Get Token and authorize access to DeleteAPI                                                        # stepDefinations.StepDefination.authenticateApi()
HTTP/1.1 201 Created
Server: Cowboy
Report-To: {"group":"heroku-nel","max_age":3600,"endpoints":[{"url":"https://nel.heroku.com/reports?ts=1698302434&sid=c46efe9b-d3d2-4a0c-8c76-bfafa16c5add&s=XyFPiaLR6b%2BiMyK6xFgsLGBGUj8g9r48mIU3Io7RzxQ%3D"}]}
Reporting-Endpoints: heroku-nel=https://nel.heroku.com/reports?ts=1698302434&sid=c46efe9b-d3d2-4a0c-8c76-bfafa16c5add&s=XyFPiaLR6b%2BiMyK6xFgsLGBGUj8g9r48mIU3Io7RzxQ%3D
Nel: {"report_to":"heroku-nel","max_age":3600,"success_fraction":0.005,"failure_fraction":0.05,"response_headers":["Via"]}
Connection: keep-alive
X-Powered-By: Express
Content-Type: text/plain; charset=utf-8
Content-Length: 7
Etag: W/"7-rM9AyJuqT6iOan/xHh+AW+7K/T8"
Date: Thu, 26 Oct 2023 06:40:34 GMT
Via: 1.1 vegur

Created
  When user calls "DeleteBookingAPI" with "Delete" http request                                            # stepDefinations.StepDefination.user_calls_with_post_http_request(java.lang.String,java.lang.String)
  Then the api calls got success with status code 201                                                      # stepDefinations.StepDefination.the_api_calls_got_success_with_status_code(java.lang.Integer)
]]></system-out>
  </testcase>
</testsuite>